<?xml version="1.0" encoding="UTF-8"?>
<testsuite xmlns:xsi="http://www.w3.org/2001/XMLSchema-instance" xsi:noNamespaceSchemaLocation="https://maven.apache.org/surefire/maven-surefire-plugin/xsd/surefire-test-report.xsd" name="com.ucab.cmcapp.common.entities.QuerellaTest" time="0.009" tests="19" errors="0" skipped="0" failures="0">
  <properties>
    <property name="sun.desktop" value="windows"/>
    <property name="awt.toolkit" value="sun.awt.windows.WToolkit"/>
    <property name="file.encoding.pkg" value="sun.io"/>
    <property name="java.specification.version" value="1.8"/>
    <property name="sun.cpu.isalist" value="amd64"/>
    <property name="sun.jnu.encoding" value="Cp1252"/>
    <property name="java.class.path" value="C:\Users\ae_ur\IdeaProjects\Grupo_J_DS_V2\src\common\entities\target\test-classes;C:\Users\ae_ur\IdeaProjects\Grupo_J_DS_V2\src\common\entities\target\classes;C:\Users\ae_ur\IdeaProjects\Grupo_J_DS_V2\src\common\enums\target\enums-1.0.jar;C:\Users\ae_ur\.m2\repository\com\h2database\h2\1.4.200\h2-1.4.200.jar;C:\Users\ae_ur\.m2\repository\org\mockito\mockito-core\3.11.2\mockito-core-3.11.2.jar;C:\Users\ae_ur\.m2\repository\net\bytebuddy\byte-buddy\1.11.3\byte-buddy-1.11.3.jar;C:\Users\ae_ur\.m2\repository\net\bytebuddy\byte-buddy-agent\1.11.3\byte-buddy-agent-1.11.3.jar;C:\Users\ae_ur\.m2\repository\org\objenesis\objenesis\3.2\objenesis-3.2.jar;C:\Users\ae_ur\.m2\repository\org\junit\jupiter\junit-jupiter-api\5.8.2\junit-jupiter-api-5.8.2.jar;C:\Users\ae_ur\.m2\repository\org\opentest4j\opentest4j\1.2.0\opentest4j-1.2.0.jar;C:\Users\ae_ur\.m2\repository\org\junit\platform\junit-platform-commons\1.8.2\junit-platform-commons-1.8.2.jar;C:\Users\ae_ur\.m2\repository\org\apiguardian\apiguardian-api\1.1.2\apiguardian-api-1.1.2.jar;C:\Users\ae_ur\.m2\repository\javax\javaee-api\8.0.1\javaee-api-8.0.1.jar;C:\Users\ae_ur\.m2\repository\com\sun\mail\javax.mail\1.6.2\javax.mail-1.6.2.jar;C:\Users\ae_ur\.m2\repository\javax\activation\activation\1.1\activation-1.1.jar;C:\Users\ae_ur\.m2\repository\org\junit\jupiter\junit-jupiter-engine\5.8.2\junit-jupiter-engine-5.8.2.jar;C:\Users\ae_ur\.m2\repository\org\junit\platform\junit-platform-engine\1.8.2\junit-platform-engine-1.8.2.jar;C:\Users\ae_ur\.m2\repository\org\hamcrest\hamcrest-library\2.2\hamcrest-library-2.2.jar;C:\Users\ae_ur\.m2\repository\org\hamcrest\hamcrest-core\2.2\hamcrest-core-2.2.jar;C:\Users\ae_ur\.m2\repository\org\hamcrest\hamcrest\2.2\hamcrest-2.2.jar;C:\Users\ae_ur\.m2\repository\ch\qos\logback\logback-classic\1.2.11\logback-classic-1.2.11.jar;C:\Users\ae_ur\.m2\repository\ch\qos\logback\logback-core\1.2.11\logback-core-1.2.11.jar;C:\Users\ae_ur\.m2\repository\org\slf4j\slf4j-api\1.7.32\slf4j-api-1.7.32.jar;"/>
    <property name="java.vm.vendor" value="Oracle Corporation"/>
    <property name="sun.arch.data.model" value="64"/>
    <property name="user.variant" value=""/>
    <property name="java.vendor.url" value="http://java.oracle.com/"/>
    <property name="user.timezone" value="America/Caracas"/>
    <property name="user.country.format" value="VE"/>
    <property name="java.vm.specification.version" value="1.8"/>
    <property name="os.name" value="Windows 11"/>
    <property name="user.country" value="US"/>
    <property name="sun.java.launcher" value="SUN_STANDARD"/>
    <property name="sun.boot.library.path" value="C:\Program Files\Java\jdk-1.8\jre\bin"/>
    <property name="sun.java.command" value="C:\Users\ae_ur\AppData\Local\Temp\surefire1028428261996020593\surefirebooter1606241318584796018.jar C:\Users\ae_ur\AppData\Local\Temp\surefire1028428261996020593 2024-01-19T10-34-50_784-jvmRun1 surefire4047855205984339334tmp surefire_03476079689859332576tmp"/>
    <property name="surefire.test.class.path" value="C:\Users\ae_ur\IdeaProjects\Grupo_J_DS_V2\src\common\entities\target\test-classes;C:\Users\ae_ur\IdeaProjects\Grupo_J_DS_V2\src\common\entities\target\classes;C:\Users\ae_ur\IdeaProjects\Grupo_J_DS_V2\src\common\enums\target\enums-1.0.jar;C:\Users\ae_ur\.m2\repository\com\h2database\h2\1.4.200\h2-1.4.200.jar;C:\Users\ae_ur\.m2\repository\org\mockito\mockito-core\3.11.2\mockito-core-3.11.2.jar;C:\Users\ae_ur\.m2\repository\net\bytebuddy\byte-buddy\1.11.3\byte-buddy-1.11.3.jar;C:\Users\ae_ur\.m2\repository\net\bytebuddy\byte-buddy-agent\1.11.3\byte-buddy-agent-1.11.3.jar;C:\Users\ae_ur\.m2\repository\org\objenesis\objenesis\3.2\objenesis-3.2.jar;C:\Users\ae_ur\.m2\repository\org\junit\jupiter\junit-jupiter-api\5.8.2\junit-jupiter-api-5.8.2.jar;C:\Users\ae_ur\.m2\repository\org\opentest4j\opentest4j\1.2.0\opentest4j-1.2.0.jar;C:\Users\ae_ur\.m2\repository\org\junit\platform\junit-platform-commons\1.8.2\junit-platform-commons-1.8.2.jar;C:\Users\ae_ur\.m2\repository\org\apiguardian\apiguardian-api\1.1.2\apiguardian-api-1.1.2.jar;C:\Users\ae_ur\.m2\repository\javax\javaee-api\8.0.1\javaee-api-8.0.1.jar;C:\Users\ae_ur\.m2\repository\com\sun\mail\javax.mail\1.6.2\javax.mail-1.6.2.jar;C:\Users\ae_ur\.m2\repository\javax\activation\activation\1.1\activation-1.1.jar;C:\Users\ae_ur\.m2\repository\org\junit\jupiter\junit-jupiter-engine\5.8.2\junit-jupiter-engine-5.8.2.jar;C:\Users\ae_ur\.m2\repository\org\junit\platform\junit-platform-engine\1.8.2\junit-platform-engine-1.8.2.jar;C:\Users\ae_ur\.m2\repository\org\hamcrest\hamcrest-library\2.2\hamcrest-library-2.2.jar;C:\Users\ae_ur\.m2\repository\org\hamcrest\hamcrest-core\2.2\hamcrest-core-2.2.jar;C:\Users\ae_ur\.m2\repository\org\hamcrest\hamcrest\2.2\hamcrest-2.2.jar;C:\Users\ae_ur\.m2\repository\ch\qos\logback\logback-classic\1.2.11\logback-classic-1.2.11.jar;C:\Users\ae_ur\.m2\repository\ch\qos\logback\logback-core\1.2.11\logback-core-1.2.11.jar;C:\Users\ae_ur\.m2\repository\org\slf4j\slf4j-api\1.7.32\slf4j-api-1.7.32.jar;"/>
    <property name="sun.cpu.endian" value="little"/>
    <property name="user.home" value="C:\Users\ae_ur"/>
    <property name="user.language" value="en"/>
    <property name="java.specification.vendor" value="Oracle Corporation"/>
    <property name="java.home" value="C:\Program Files\Java\jdk-1.8\jre"/>
    <property name="basedir" value="C:\Users\ae_ur\IdeaProjects\Grupo_J_DS_V2\src\common\entities"/>
    <property name="file.separator" value="\"/>
    <property name="line.separator" value="&#10;"/>
    <property name="java.vm.specification.vendor" value="Oracle Corporation"/>
    <property name="java.specification.name" value="Java Platform API Specification"/>
    <property name="java.awt.graphicsenv" value="sun.awt.Win32GraphicsEnvironment"/>
    <property name="surefire.real.class.path" value="C:\Users\ae_ur\AppData\Local\Temp\surefire1028428261996020593\surefirebooter1606241318584796018.jar;C:\\Users\\ae_ur\\.m2\\repository\\org\\jacoco\\org.jacoco.agent\\0.8.7\\org.jacoco.agent-0.8.7-runtime.jar"/>
    <property name="sun.boot.class.path" value="C:\Program Files\Java\jdk-1.8\jre\lib\resources.jar;C:\Program Files\Java\jdk-1.8\jre\lib\rt.jar;C:\Program Files\Java\jdk-1.8\jre\lib\jsse.jar;C:\Program Files\Java\jdk-1.8\jre\lib\jce.jar;C:\Program Files\Java\jdk-1.8\jre\lib\charsets.jar;C:\Program Files\Java\jdk-1.8\jre\lib\jfr.jar;C:\Program Files\Java\jdk-1.8\jre\classes"/>
    <property name="user.script" value=""/>
    <property name="sun.management.compiler" value="HotSpot 64-Bit Tiered Compilers"/>
    <property name="java.runtime.version" value="1.8.0_391-b13"/>
    <property name="user.name" value="ae_ur"/>
    <property name="path.separator" value=";"/>
    <property name="os.version" value="10.0"/>
    <property name="java.endorsed.dirs" value="C:\Program Files\Java\jdk-1.8\jre\lib\endorsed"/>
    <property name="java.runtime.name" value="Java(TM) SE Runtime Environment"/>
    <property name="file.encoding" value="Cp1252"/>
    <property name="java.vm.name" value="Java HotSpot(TM) 64-Bit Server VM"/>
    <property name="localRepository" value="C:\Users\ae_ur\.m2\repository"/>
    <property name="java.vendor.url.bug" value="http://bugreport.sun.com/bugreport/"/>
    <property name="java.io.tmpdir" value="C:\Users\ae_ur\AppData\Local\Temp\"/>
    <property name="idea.version" value="2023.2.3"/>
    <property name="java.version" value="1.8.0_391"/>
    <property name="user.dir" value="C:\Users\ae_ur\IdeaProjects\Grupo_J_DS_V2\src\common\entities"/>
    <property name="os.arch" value="amd64"/>
    <property name="java.vm.specification.name" value="Java Virtual Machine Specification"/>
    <property name="java.awt.printerjob" value="sun.awt.windows.WPrinterJob"/>
    <property name="user.language.format" value="es"/>
    <property name="sun.os.patch.level" value=""/>
    <property name="java.library.path" value="C:\Program Files\Java\jdk-1.8\jre\bin;C:\Windows\Sun\Java\bin;C:\Windows\system32;C:\Windows;C:\Program Files (x86)\Common Files\Oracle\Java\javapath;C:\Users\ae_ur\OneDrive\Desktop\aircrack-ng-1.7-win\bin;C:\Program Files\Git\cmd;C:\Program Files\Microsoft SQL Server\150\Tools\Binn\;C:\Program Files\Microsoft SQL Server\Client SDK\ODBC\170\Tools\Binn\;C:\Program Files\dotnet\;C:\Program Files\NVIDIA Corporation\NVIDIA NvDLISR;C:\Program Files\Java\jdk-1.8\bin;C:\Program Files\Maven\apache-maven-3.9.5\bin;C:\Program Files\MySQL\MySQL Shell 8.0\bin\;C:\Users\ae_ur\AppData\Local\Programs\Python\Python311\Scripts\;C:\Users\ae_ur\AppData\Local\Programs\Python\Python311\;C:\Users\ae_ur\AppData\Local\Microsoft\WindowsApps;C:\Users\ae_ur\.dotnet\tools;C:\Users\ae_ur\AppData\Local\Programs\Microsoft VS Code\bin;C:\flutter\bin;C:\Windows\System32\WindowsPowerShell\v1.0;C:\Windows\System32;C:\src\sqlite-tools-win32-x86-3420000;C:\Users\ae_ur\AppData\Local\Programs\Python\Python311;C:\Users\ae_ur\AppData\Local\GitHubDesktop\bin;C:\Program Files\JetBrains\IntelliJ IDEA 2023.2.3\bin;;."/>
    <property name="java.vm.info" value="mixed mode"/>
    <property name="java.vendor" value="Oracle Corporation"/>
    <property name="java.vm.version" value="25.391-b13"/>
    <property name="java.specification.maintenance.version" value="5"/>
    <property name="java.ext.dirs" value="C:\Program Files\Java\jdk-1.8\jre\lib\ext;C:\Windows\Sun\Java\lib\ext"/>
    <property name="sun.io.unicode.encoding" value="UnicodeLittle"/>
    <property name="java.class.version" value="52.0"/>
  </properties>
  <testcase name="set_cuenta_atras" classname="com.ucab.cmcapp.common.entities.QuerellaTest" time="0.001"/>
  <testcase name="constructorTest" classname="com.ucab.cmcapp.common.entities.QuerellaTest" time="0"/>
  <testcase name="set_inamovilidad" classname="com.ucab.cmcapp.common.entities.QuerellaTest" time="0.001"/>
  <testcase name="set_distancia_alejamiento" classname="com.ucab.cmcapp.common.entities.QuerellaTest" time="0"/>
  <testcase name="set_id_querella" classname="com.ucab.cmcapp.common.entities.QuerellaTest" time="0"/>
  <testcase name="setPersonasAsociadas" classname="com.ucab.cmcapp.common.entities.QuerellaTest" time="0"/>
  <testcase name="get_descripcion" classname="com.ucab.cmcapp.common.entities.QuerellaTest" time="0"/>
  <testcase name="get_fecha_caso" classname="com.ucab.cmcapp.common.entities.QuerellaTest" time="0"/>
  <testcase name="getPersonasAsociadas" classname="com.ucab.cmcapp.common.entities.QuerellaTest" time="0.001"/>
  <testcase name="get_cuenta_atras" classname="com.ucab.cmcapp.common.entities.QuerellaTest" time="0"/>
  <testcase name="getAgresor" classname="com.ucab.cmcapp.common.entities.QuerellaTest" time="0.001"/>
  <testcase name="set_descripcion" classname="com.ucab.cmcapp.common.entities.QuerellaTest" time="0"/>
  <testcase name="get_inamovilidad" classname="com.ucab.cmcapp.common.entities.QuerellaTest" time="0"/>
  <testcase name="getVictima" classname="com.ucab.cmcapp.common.entities.QuerellaTest" time="0.001"/>
  <testcase name="addPersonasAsociadas" classname="com.ucab.cmcapp.common.entities.QuerellaTest" time="0"/>
  <testcase name="get_distancia_alejamiento" classname="com.ucab.cmcapp.common.entities.QuerellaTest" time="0.001"/>
  <testcase name="get_id_querella" classname="com.ucab.cmcapp.common.entities.QuerellaTest" time="0"/>
  <testcase name="constructorIdQuerellaTest" classname="com.ucab.cmcapp.common.entities.QuerellaTest" time="0"/>
  <testcase name="set_fecha_caso" classname="com.ucab.cmcapp.common.entities.QuerellaTest" time="0.001"/>
</testsuite>